::1 - - [17/Jan/2023:04:00:57 +0000] "POST /api/v1/books HTTP/1.1" 400 93 "-" "PostmanRuntime/7.30.0"
::1 - - [17/Jan/2023:04:01:17 +0000] "POST /api/v1/books HTTP/1.1" 200 519 "-" "PostmanRuntime/7.30.0"
::1 - - [17/Jan/2023:04:10:49 +0000] "GET /api/v1/categories/5e9047fd49941f52dcb01b35/books HTTP/1.1" 200 7344 "-" "PostmanRuntime/7.30.0"
::1 - - [17/Jan/2023:05:37:14 +0000] "GET /api/v1/categories/5e9047fd49941f52dcb01b35/books HTTP/1.1" 200 7260 "-" "PostmanRuntime/7.30.0"
::1 - - [17/Jan/2023:05:37:49 +0000] "GET /api/v1/categories/5e9047fd49941f52dcb01b35/books HTTP/1.1" 200 7260 "-" "PostmanRuntime/7.30.0"
::1 - - [17/Jan/2023:05:38:33 +0000] "GET /api/v1/books/63c4912183274d80552f9c48 HTTP/1.1" 400 98 "-" "PostmanRuntime/7.30.0"
::1 - - [17/Jan/2023:05:39:50 +0000] "PUT /api/v1/63c4912183274d80552f9c48/photo HTTP/1.1" 404 176 "-" "PostmanRuntime/7.30.0"
::1 - - [17/Jan/2023:05:40:30 +0000] "PUT /api/v1/63c4912183274d80552f9c48/photo HTTP/1.1" 404 176 "-" "PostmanRuntime/7.30.0"
::1 - - [17/Jan/2023:05:41:25 +0000] "GET /api/v1/books/63c4912183274d80552f9c48 HTTP/1.1" 400 98 "-" "PostmanRuntime/7.30.0"
::1 - - [17/Jan/2023:05:41:38 +0000] "GET /api/v1/books HTTP/1.1" 200 29492 "-" "PostmanRuntime/7.30.0"
::1 - - [17/Jan/2023:05:41:47 +0000] "GET /api/v1/books/63c63331bc9e5a6a04b6c048 HTTP/1.1" 200 1750 "-" "PostmanRuntime/7.30.0"
::1 - - [17/Jan/2023:05:42:03 +0000] "PUT /api/v1/63c63331bc9e5a6a04b6c048/photo HTTP/1.1" 404 176 "-" "PostmanRuntime/7.30.0"
::1 - - [17/Jan/2023:05:43:40 +0000] "PUT /api/v1/63c63331bc9e5a6a04b6c048/photo HTTP/1.1" 404 176 "-" "PostmanRuntime/7.30.0"
::1 - - [17/Jan/2023:05:44:45 +0000] "PUT /api/v1/63c63331bc9e5a6a04b6c048/photo HTTP/1.1" 404 176 "-" "PostmanRuntime/7.30.0"
::1 - - [17/Jan/2023:05:45:14 +0000] "PUT /api/v1/books/63c63331bc9e5a6a04b6c048/photo HTTP/1.1" 404 182 "-" "PostmanRuntime/7.30.0"
::1 - - [17/Jan/2023:05:45:21 +0000] "PUT /api/v1/books/63c63331bc9e5a6a04b6c048/photo HTTP/1.1" 404 182 "-" "PostmanRuntime/7.30.0"
::1 - - [17/Jan/2023:05:46:02 +0000] "PUT /api/v1/books/63c63331bc9e5a6a04b6c048/photo HTTP/1.1" 404 182 "-" "PostmanRuntime/7.30.0"
::1 - - [17/Jan/2023:05:46:10 +0000] "PUT /api/v1/books/63c63331bc9e5a6a04b6c048/photo HTTP/1.1" 404 182 "-" "PostmanRuntime/7.30.0"
::1 - - [17/Jan/2023:05:46:25 +0000] "PUT /api/v1/books/63c63331bc9e5a6a04b6c048/photo HTTP/1.1" 404 182 "-" "PostmanRuntime/7.30.0"
::1 - - [17/Jan/2023:05:46:37 +0000] "PUT /api/v1/books/63c63331bc9e5a6a04b6c048?photo HTTP/1.1" 200 1750 "-" "PostmanRuntime/7.30.0"
::1 - - [17/Jan/2023:05:46:47 +0000] "PUT /api/v1/books/63c63331bc9e5a6a04b6c048/photo HTTP/1.1" 404 182 "-" "PostmanRuntime/7.30.0"
::1 - - [17/Jan/2023:05:47:59 +0000] "PUT /api/v1/books/63c63331bc9e5a6a04b6c048/photo HTTP/1.1" - - "-" "PostmanRuntime/7.30.0"
::1 - - [17/Jan/2023:05:48:12 +0000] "PUT /api/v1/books/63c63331bc9e5a6a04b6c048/photo HTTP/1.1" 500 53 "-" "PostmanRuntime/7.30.0"
::1 - - [17/Jan/2023:05:48:34 +0000] "PUT /api/v1/books/63c63331bc9e5a6a04b6c048/photo HTTP/1.1" 200 - "-" "PostmanRuntime/7.30.0"
::1 - - [17/Jan/2023:05:58:31 +0000] "PUT /api/v1/books/63c63331bc9e5a6a04b6c048/photo HTTP/1.1" 500 69 "-" "PostmanRuntime/7.30.0"
::1 - - [17/Jan/2023:05:59:40 +0000] "PUT /api/v1/books/63c63331bc9e5a6a04b6c048/photo HTTP/1.1" 500 69 "-" "PostmanRuntime/7.30.0"
::1 - - [17/Jan/2023:06:00:22 +0000] "PUT /api/v1/books/63c63331bc9e5a6a04b6c048/photo HTTP/1.1" 500 69 "-" "PostmanRuntime/7.30.0"
::1 - - [17/Jan/2023:06:01:03 +0000] "PUT /api/v1/books/63c63331bc9e5a6a04b6c048/photo HTTP/1.1" 500 69 "-" "PostmanRuntime/7.30.0"
::1 - - [17/Jan/2023:06:01:45 +0000] "PUT /api/v1/books/63c63331bc9e5a6a04b6c048/photo HTTP/1.1" 500 72 "-" "PostmanRuntime/7.30.0"
::1 - - [17/Jan/2023:06:02:11 +0000] "PUT /api/v1/books/63c63331bc9e5a6a04b6c048/photo HTTP/1.1" 500 72 "-" "PostmanRuntime/7.30.0"
::1 - - [17/Jan/2023:06:02:42 +0000] "PUT /api/v1/books/63c63331bc9e5a6a04b6c048/photo HTTP/1.1" 500 72 "-" "PostmanRuntime/7.30.0"
::1 - - [17/Jan/2023:06:04:20 +0000] "PUT /api/v1/books/63c63331bc9e5a6a04b6c048/photo HTTP/1.1" 500 72 "-" "PostmanRuntime/7.30.0"
::1 - - [17/Jan/2023:06:04:55 +0000] "PUT /api/v1/books/63c63331bc9e5a6a04b6c048/photo HTTP/1.1" 500 69 "-" "PostmanRuntime/7.30.0"
::1 - - [17/Jan/2023:06:05:36 +0000] "PUT /api/v1/books/63c63331bc9e5a6a04b6c048/photo HTTP/1.1" 200 55 "-" "PostmanRuntime/7.30.0"
::1 - - [17/Jan/2023:06:12:02 +0000] "PUT /api/v1/books/63c63331bc9e5a6a04b6c048/photo HTTP/1.1" 200 4965 "-" "PostmanRuntime/7.30.0"
::1 - - [17/Jan/2023:06:13:15 +0000] "PUT /api/v1/books/63c63331bc9e5a6a04b6c048/photo HTTP/1.1" 200 61 "-" "PostmanRuntime/7.30.0"
::1 - - [17/Jan/2023:06:14:53 +0000] "GET /api/v1/categories?select=name%20averageRating&sort=averageRating?page=1 HTTP/1.1" 200 554 "-" "PostmanRuntime/7.30.0"
::1 - - [17/Jan/2023:06:16:17 +0000] "GET /api/v1/categories HTTP/1.1" 200 1335 "-" "PostmanRuntime/7.30.0"
::1 - - [17/Jan/2023:06:18:42 +0000] "PUT /api/v1/books/63c63331bc9e5a6a04b6c048/photo HTTP/1.1" 200 61 "-" "PostmanRuntime/7.30.0"
::1 - - [17/Jan/2023:06:23:03 +0000] "GET /api/v1/categories/63c2f3032f55bf0dd94928f9 HTTP/1.1" 400 108 "-" "PostmanRuntime/7.30.0"
::1 - - [17/Jan/2023:06:23:15 +0000] "GET /api/v1/categories/5e90434cd433fa11b078ed8a HTTP/1.1" 200 8332 "-" "PostmanRuntime/7.30.0"
::1 - - [17/Jan/2023:06:24:29 +0000] "PUT /api/v1/categories/5e90434cd433fa11b078ed8a/photo HTTP/1.1" 404 187 "-" "PostmanRuntime/7.30.0"
::1 - - [17/Jan/2023:06:24:50 +0000] "PUT /api/v1/categories/5e90434cd433fa11b078ed8a/photo HTTP/1.1" 404 187 "-" "PostmanRuntime/7.30.0"
::1 - - [17/Jan/2023:06:25:36 +0000] "PUT /api/v1/categories/5e90434cd433fa11b078ed8a/photo HTTP/1.1" 404 187 "-" "PostmanRuntime/7.30.0"
::1 - - [17/Jan/2023:06:28:14 +0000] "GET /api/v1/categories/5e90434cd433fa11b078ed8a HTTP/1.1" 200 8332 "-" "PostmanRuntime/7.30.0"
::1 - - [17/Jan/2023:06:28:21 +0000] "PUT /api/v1/categories/5e90434cd433fa11b078ed8a/photo HTTP/1.1" 404 187 "-" "PostmanRuntime/7.30.0"
::1 - - [17/Jan/2023:06:28:44 +0000] "PUT /api/v1/categories/5e90434cd433fa11b078ed8a/photo HTTP/1.1" 404 187 "-" "PostmanRuntime/7.30.0"
::1 - - [17/Jan/2023:06:29:11 +0000] "PUT /api/v1/categories/5e90434cd433fa11b078ed8a/photo HTTP/1.1" 404 187 "-" "PostmanRuntime/7.30.0"
::1 - - [17/Jan/2023:06:29:59 +0000] "PUT /api/v1/categories/5e90434cd433fa11b078ed8a/photo HTTP/1.1" 404 187 "-" "PostmanRuntime/7.30.0"
::1 - - [17/Jan/2023:06:30:05 +0000] "PUT /api/v1/categories/5e90434cd433fa11b078ed8a/photo HTTP/1.1" 404 187 "-" "PostmanRuntime/7.30.0"
::1 - - [17/Jan/2023:06:32:24 +0000] "PUT /api/v1/categories/5e90434cd433fa11b078ed8a/photo HTTP/1.1" 200 - "-" "PostmanRuntime/7.30.0"
::1 - - [17/Jan/2023:06:33:23 +0000] "PUT /api/v1/categories/5e90434cd433fa11b078ed8a/photo HTTP/1.1" 200 - "-" "PostmanRuntime/7.30.0"
::1 - - [17/Jan/2023:06:34:32 +0000] "PUT /api/v1/categories/5e90434cd433fa11b078ed8a/photo HTTP/1.1" 500 167 "-" "PostmanRuntime/7.30.0"
::1 - - [17/Jan/2023:06:34:35 +0000] "PUT /api/v1/categories/5e90434cd433fa11b078ed8a/photo HTTP/1.1" 200 - "-" "PostmanRuntime/7.30.0"
::1 - - [17/Jan/2023:06:44:16 +0000] "GET /api/v1/books/63c63331bc9e5a6a04b6c048 HTTP/1.1" 200 1767 "-" "PostmanRuntime/7.30.0"
::1 - - [17/Jan/2023:06:44:39 +0000] "PUT /api/v1/categories/5e90434cd433fa11b078ed8a/photo HTTP/1.1" 500 67 "-" "PostmanRuntime/7.30.0"
::1 - - [17/Jan/2023:06:46:14 +0000] "PUT /api/v1/categories/5e90434cd433fa11b078ed8a/photo HTTP/1.1" 500 67 "-" "PostmanRuntime/7.30.0"
::1 - - [17/Jan/2023:06:46:53 +0000] "PUT /api/v1/categories/5e90434cd433fa11b078ed8a/photo HTTP/1.1" 500 67 "-" "PostmanRuntime/7.30.0"
::1 - - [17/Jan/2023:06:48:20 +0000] "PUT /api/v1/categories/5e90434cd433fa11b078ed8a/photo HTTP/1.1" 200 - "-" "PostmanRuntime/7.30.0"
::1 - - [17/Jan/2023:06:49:09 +0000] "PUT /api/v1/categories/5e90434cd433fa11b078ed8a/photo HTTP/1.1" 200 - "-" "PostmanRuntime/7.30.0"
::1 - - [17/Jan/2023:06:50:07 +0000] "PUT /api/v1/categories/5e90434cd433fa11b078ed8a/photo HTTP/1.1" 200 - "-" "PostmanRuntime/7.30.0"
::1 - - [17/Jan/2023:06:50:49 +0000] "GET /api/v1/categories/5e90434cd433fa11b078ed8a HTTP/1.1" 200 8371 "-" "PostmanRuntime/7.30.0"
::1 - - [17/Jan/2023:06:52:59 +0000] "PUT /api/v1/categories/5e90434cd433fa11b078ed8a/photo HTTP/1.1" 200 - "-" "PostmanRuntime/7.30.0"
::1 - - [17/Jan/2023:06:53:11 +0000] "GET /api/v1/categories/5e90434cd433fa11b078ed8a HTTP/1.1" 200 8356 "-" "PostmanRuntime/7.30.0"
::1 - - [17/Jan/2023:06:54:37 +0000] "PUT /api/v1/categories/5e90434cd433fa11b078ed8a/photo HTTP/1.1" 200 60 "-" "PostmanRuntime/7.30.0"
::1 - - [17/Jan/2023:06:54:54 +0000] "PUT /api/v1/categories/5e90434cd433fa11b078ed8a/photo HTTP/1.1" 200 60 "-" "PostmanRuntime/7.30.0"
::1 - - [17/Jan/2023:06:55:08 +0000] "PUT /api/v1/categories/5e90434cd433fa11b078ed8a/photo HTTP/1.1" 200 60 "-" "PostmanRuntime/7.30.0"
::1 - - [17/Jan/2023:07:02:19 +0000] "GET /api/v1/categories?select=name%20averageRating&sort=averageRating?page=1 HTTP/1.1" 200 554 "-" "PostmanRuntime/7.30.0"
::1 - - [17/Jan/2023:07:05:04 +0000] "GET /api/v1/categories HTTP/1.1" 200 1359 "-" "PostmanRuntime/7.30.0"
::1 - - [17/Jan/2023:07:23:06 +0000] "GET /api/v1/categories/5e9047fd49941f52dcb01b35/books HTTP/1.1" 500 310 "-" "PostmanRuntime/7.30.0"
::1 - - [17/Jan/2023:07:23:39 +0000] "GET /api/v1/categories/5e9047fd49941f52dcb01b35/books HTTP/1.1" 500 310 "-" "PostmanRuntime/7.30.0"
::1 - - [17/Jan/2023:07:24:00 +0000] "GET /api/v1/categories/5e9047fd49941f52dcb01b35/books HTTP/1.1" 500 298 "-" "PostmanRuntime/7.30.0"
::1 - - [17/Jan/2023:07:24:13 +0000] "GET /api/v1/categories/5e9047fd49941f52dcb01b35/books HTTP/1.1" 500 70 "-" "PostmanRuntime/7.30.0"
::1 - - [17/Jan/2023:07:24:24 +0000] "GET /api/v1/categories/5e9047fd49941f52dcb01b35/books HTTP/1.1" 500 70 "-" "PostmanRuntime/7.30.0"
::1 - - [17/Jan/2023:07:24:36 +0000] "GET /api/v1/categories/5e9047fd49941f52dcb01b35/books HTTP/1.1" 500 310 "-" "PostmanRuntime/7.30.0"
::1 - - [17/Jan/2023:07:24:46 +0000] "GET /api/v1/categories/5e9047fd49941f52dcb01b35/books HTTP/1.1" 500 298 "-" "PostmanRuntime/7.30.0"
::1 - - [17/Jan/2023:07:27:43 +0000] "GET /api/v1/categories/5e9047fd49941f52dcb01b35/books HTTP/1.1" 500 298 "-" "PostmanRuntime/7.30.0"
::1 - - [17/Jan/2023:07:28:50 +0000] "GET /api/v1/books/63c63331bc9e5a6a04b6c048 HTTP/1.1" 200 1767 "-" "PostmanRuntime/7.30.0"
::1 - - [17/Jan/2023:07:28:55 +0000] "GET /api/v1/books HTTP/1.1" 200 30772 "-" "PostmanRuntime/7.30.0"
::1 - - [17/Jan/2023:07:28:58 +0000] "GET /api/v1/categories/5e90434cd433fa11b078ed8a HTTP/1.1" 200 8356 "-" "PostmanRuntime/7.30.0"
::1 - - [17/Jan/2023:07:29:07 +0000] "GET /api/v1/categories/5e9047fd49941f52dcb01b35/books HTTP/1.1" 500 310 "-" "PostmanRuntime/7.30.0"
::1 - - [17/Jan/2023:07:29:21 +0000] "GET /api/v1/categories/5e90434cd433fa11b078ed8a/books HTTP/1.1" 500 310 "-" "PostmanRuntime/7.30.0"
::1 - - [17/Jan/2023:07:30:04 +0000] "GET /api/v1/categories/5e90434cd433fa11b078ed8a/books HTTP/1.1" 200 8018 "-" "PostmanRuntime/7.30.0"
::1 - - [17/Jan/2023:09:03:56 +0000] "GET /api/v1/categories?select=name%20averageRating&sort=averageRating?page=1 HTTP/1.1" 500 48 "-" "PostmanRuntime/7.30.0"
::1 - - [17/Jan/2023:09:04:59 +0000] "GET /api/v1/categories?select=name%20averageRating&sort=averageRating?page=1 HTTP/1.1" 500 101 "-" "PostmanRuntime/7.30.0"
::1 - - [17/Jan/2023:09:05:50 +0000] "GET /api/v1/categories?select=name%20averageRating&sort=averageRating?page=1 HTTP/1.1" 500 48 "-" "PostmanRuntime/7.30.0"
::1 - - [17/Jan/2023:09:06:13 +0000] "GET /api/v1/categories?select=name%20averageRating&sort=averageRating?page=1 HTTP/1.1" 500 48 "-" "PostmanRuntime/7.30.0"
::1 - - [17/Jan/2023:09:07:28 +0000] "GET /api/v1/categories?select=name%20averageRating&sort=averageRating?page=1 HTTP/1.1" 500 76 "-" "PostmanRuntime/7.30.0"
::1 - - [17/Jan/2023:09:07:58 +0000] "GET /api/v1/categories?select=name%20averageRating&sort=averageRating?page=1 HTTP/1.1" 200 554 "-" "PostmanRuntime/7.30.0"
::1 - - [17/Jan/2023:09:08:14 +0000] "GET /api/v1/categories?select=name%20averageRating&sort=averageRating?page=1?limit=2 HTTP/1.1" 200 554 "-" "PostmanRuntime/7.30.0"
::1 - - [17/Jan/2023:09:09:03 +0000] "GET /api/v1/categories?select=name%20averageRating&sort=averageRating?page=1?limit=2 HTTP/1.1" 200 554 "-" "PostmanRuntime/7.30.0"
::1 - - [17/Jan/2023:09:10:43 +0000] "GET /api/v1/categories?select=name%20averageRating&sort=averageRating?page=1?limit=2 HTTP/1.1" 500 101 "-" "PostmanRuntime/7.30.0"
::1 - - [17/Jan/2023:09:11:13 +0000] "GET /api/v1/categories?select=name%20averageRating&sort=averageRating?page=1?limit=2 HTTP/1.1" 500 48 "-" "PostmanRuntime/7.30.0"
::1 - - [17/Jan/2023:09:13:26 +0000] "GET /api/v1/categories?select=name%20averageRating&sort=averageRating&page=1&limit=2 HTTP/1.1" 500 48 "-" "PostmanRuntime/7.30.0"
::1 - - [17/Jan/2023:09:13:49 +0000] "GET /api/v1/categories?select=name%20averageRating&sort=averageRating?page=1 HTTP/1.1" 500 48 "-" "PostmanRuntime/7.30.0"
::1 - - [17/Jan/2023:09:13:58 +0000] "GET /api/v1/categories?select=name%20averageRating&sort=averageRating&page=1 HTTP/1.1" 500 48 "-" "PostmanRuntime/7.30.0"
::1 - - [17/Jan/2023:09:14:20 +0000] "GET /api/v1/categories?page=1 HTTP/1.1" 500 48 "-" "PostmanRuntime/7.30.0"
::1 - - [17/Jan/2023:09:15:25 +0000] "GET /api/v1/categories?page=1 HTTP/1.1" 200 1359 "-" "PostmanRuntime/7.30.0"
::1 - - [17/Jan/2023:09:15:35 +0000] "GET /api/v1/categories?page=1&limit=1 HTTP/1.1" 200 412 "-" "PostmanRuntime/7.30.0"
::1 - - [17/Jan/2023:09:16:15 +0000] "GET /api/v1/categories?page=1&limit=1 HTTP/1.1" 200 412 "-" "PostmanRuntime/7.30.0"
::1 - - [17/Jan/2023:09:17:49 +0000] "GET /api/v1/categories?page=1&limit=1 HTTP/1.1" 500 48 "-" "PostmanRuntime/7.30.0"
::1 - - [17/Jan/2023:09:18:19 +0000] "GET /api/v1/categories?page=1&limit=2 HTTP/1.1" 500 48 "-" "PostmanRuntime/7.30.0"
::1 - - [17/Jan/2023:09:19:53 +0000] "GET /api/v1/categories?page=1&limit=2 HTTP/1.1" 500 53 "-" "PostmanRuntime/7.30.0"
::1 - - [17/Jan/2023:09:19:56 +0000] "GET /api/v1/categories?page=1&limit=2 HTTP/1.1" 500 53 "-" "PostmanRuntime/7.30.0"
::1 - - [17/Jan/2023:09:20:09 +0000] "GET /api/v1/categories?page=1&limit=2 HTTP/1.1" 200 690 "-" "PostmanRuntime/7.30.0"
::1 - - [17/Jan/2023:09:20:21 +0000] "GET /api/v1/categories?page=2&limit=2 HTTP/1.1" 200 785 "-" "PostmanRuntime/7.30.0"
